c:\users\veniz\desktop\example\libraryproject-master\winformserver\x64\debug\vc142.pdb
c:\users\veniz\desktop\example\libraryproject-master\winformserver\x64\debug\.netframework,version=v4.6.1.assemblyattributes.obj
c:\users\veniz\desktop\example\libraryproject-master\winformserver\x64\debug\signupform1.obj
c:\users\veniz\desktop\example\libraryproject-master\winformserver\x64\debug\signupform.obj
c:\users\veniz\desktop\example\libraryproject-master\winformserver\x64\debug\setting.obj
c:\users\veniz\desktop\example\libraryproject-master\winformserver\x64\debug\search.obj
c:\users\veniz\desktop\example\libraryproject-master\winformserver\x64\debug\myform.obj
c:\users\veniz\desktop\example\libraryproject-master\winformserver\x64\debug\mainform.obj
c:\users\veniz\desktop\example\libraryproject-master\winformserver\x64\debug\insertbook.obj
c:\users\veniz\desktop\example\libraryproject-master\winformserver\x64\debug\emailform.obj
c:\users\veniz\desktop\example\libraryproject-master\winformserver\x64\debug\databaseform.obj
c:\users\veniz\desktop\example\libraryproject-master\winformserver\x64\debug\changebookform.obj
c:\users\veniz\desktop\example\libraryproject-master\winformserver\x64\debug\socketform.obj
c:\users\veniz\desktop\example\libraryproject-master\winformserver\x64\debug\winformserver.exe
c:\users\veniz\desktop\example\libraryproject-master\winformserver\x64\debug\winformserver.pdb
c:\users\veniz\desktop\example\libraryproject-master\winformserver\x64\debug\winformserver.tlog\metagen.write.1.tlog
c:\users\veniz\desktop\example\libraryproject-master\winformserver\x64\debug\winformserver.changebookform.resources
c:\users\veniz\desktop\example\libraryproject-master\winformserver\x64\debug\winformserver.databaseform.resources
c:\users\veniz\desktop\example\libraryproject-master\winformserver\x64\debug\winformserver.emailform.resources
c:\users\veniz\desktop\example\libraryproject-master\winformserver\x64\debug\winformserver.insertbook.resources
c:\users\veniz\desktop\example\libraryproject-master\winformserver\x64\debug\winformserver.mainform.resources
c:\users\veniz\desktop\example\libraryproject-master\winformserver\x64\debug\winformserver.myform.resources
c:\users\veniz\desktop\example\libraryproject-master\winformserver\x64\debug\winformserver.search.resources
c:\users\veniz\desktop\example\libraryproject-master\winformserver\x64\debug\winformserver.setting.resources
c:\users\veniz\desktop\example\libraryproject-master\winformserver\x64\debug\winformserver.signupform.resources
c:\users\veniz\desktop\example\libraryproject-master\winformserver\x64\debug\winformserver.signupform1.resources
c:\users\veniz\desktop\example\libraryproject-master\winformserver\x64\debug\winformserver.socketform.resources
c:\users\veniz\desktop\example\libraryproject-master\winformserver\x64\debug\winformserver.vcxproj.assemblyreference.cache
c:\users\veniz\desktop\example\libraryproject-master\winformserver\x64\debug\databasedll.ilk
c:\users\veniz\desktop\example\libraryproject-master\winformserver\x64\debug\registdll.ilk
c:\users\veniz\desktop\example\libraryproject-master\winformserver\x64\debug\databasedll.exp
c:\users\veniz\desktop\example\libraryproject-master\winformserver\x64\debug\registdll.exp
c:\users\veniz\desktop\example\libraryproject-master\winformserver\x64\debug\databasedll.pdb
c:\users\veniz\desktop\example\libraryproject-master\winformserver\x64\debug\registdll.pdb
c:\users\veniz\desktop\example\libraryproject-master\winformserver\x64\debug\winformserver.exe.metagen
c:\users\veniz\desktop\example\libraryproject-master\winformserver\x64\debug\winformserver.tlog\cl.command.1.tlog
c:\users\veniz\desktop\example\libraryproject-master\winformserver\x64\debug\winformserver.tlog\cl.read.1.tlog
c:\users\veniz\desktop\example\libraryproject-master\winformserver\x64\debug\winformserver.tlog\cl.write.1.tlog
c:\users\veniz\desktop\example\libraryproject-master\winformserver\x64\debug\winformserver.tlog\copylocal.read.1u.tlog
c:\users\veniz\desktop\example\libraryproject-master\winformserver\x64\debug\winformserver.tlog\copylocal.write.1u.tlog
c:\users\veniz\desktop\example\libraryproject-master\winformserver\x64\debug\winformserver.tlog\link.command.1.tlog
c:\users\veniz\desktop\example\libraryproject-master\winformserver\x64\debug\winformserver.tlog\link.read.1.tlog
c:\users\veniz\desktop\example\libraryproject-master\winformserver\x64\debug\winformserver.tlog\link.write.1.tlog
c:\users\veniz\desktop\example\libraryproject-master\winformserver\x64\debug\winformserver.tlog\metagen.read.1.tlog
c:\users\veniz\desktop\example\libraryproject-master\winformserver\x64\debug\winformserver.tlog\winformserver.write.1u.tlog
c:\users\veniz\desktop\example\libraryproject-master\winformserver\x64\debug\winformserver.tlog\axinterop.acropdflib.1.0.dll.metagen
c:\users\veniz\desktop\example\libraryproject-master\winformserver\x64\debug\winformserver.tlog\guna.ui.dll.metagen
c:\users\veniz\desktop\example\libraryproject-master\winformserver\x64\debug\winformserver.tlog\guna.ui2.dll.metagen
c:\users\veniz\desktop\example\libraryproject-master\winformserver\x64\debug\winformserver.tlog\interop.acropdflib.1.0.dll.metagen
