c:\users\veniz\desktop\new folder (4)\libraryproject-50fb49e2842fbef08f87cf5022209539ff3fa3d0\server\serverdll\x64\debug\serverdll.pch
c:\users\veniz\desktop\new folder (4)\libraryproject-50fb49e2842fbef08f87cf5022209539ff3fa3d0\server\serverdll\x64\debug\vc142.pdb
c:\users\veniz\desktop\new folder (4)\libraryproject-50fb49e2842fbef08f87cf5022209539ff3fa3d0\server\serverdll\x64\debug\vc142.idb
c:\users\veniz\desktop\new folder (4)\libraryproject-50fb49e2842fbef08f87cf5022209539ff3fa3d0\server\serverdll\x64\debug\pch.obj
c:\users\veniz\desktop\new folder (4)\libraryproject-50fb49e2842fbef08f87cf5022209539ff3fa3d0\server\serverdll\x64\debug\tcplistener.obj
c:\users\veniz\desktop\new folder (4)\libraryproject-50fb49e2842fbef08f87cf5022209539ff3fa3d0\server\serverdll\x64\debug\source.obj
c:\users\veniz\desktop\new folder (4)\libraryproject-50fb49e2842fbef08f87cf5022209539ff3fa3d0\server\serverdll\x64\debug\queue.obj
c:\users\veniz\desktop\new folder (4)\libraryproject-50fb49e2842fbef08f87cf5022209539ff3fa3d0\server\serverdll\x64\debug\dllmain.obj
c:\users\veniz\desktop\new folder (4)\libraryproject-50fb49e2842fbef08f87cf5022209539ff3fa3d0\server\winformserver\x64\debug\serverdll.ilk
c:\users\veniz\desktop\new folder (4)\libraryproject-50fb49e2842fbef08f87cf5022209539ff3fa3d0\server\winformserver\x64\debug\serverdll.dll
c:\users\veniz\desktop\new folder (4)\libraryproject-50fb49e2842fbef08f87cf5022209539ff3fa3d0\server\winformserver\x64\debug\serverdll.pdb
c:\users\veniz\desktop\new folder (4)\libraryproject-50fb49e2842fbef08f87cf5022209539ff3fa3d0\server\winformserver\x64\debug\serverdll.lib
c:\users\veniz\desktop\new folder (4)\libraryproject-50fb49e2842fbef08f87cf5022209539ff3fa3d0\server\winformserver\x64\debug\serverdll.exp
c:\users\veniz\desktop\new folder (3)\libraryproject-master\server\serverdll\x64\debug\dllmain.obj
c:\users\veniz\desktop\new folder (3)\libraryproject-master\server\serverdll\x64\debug\pch.obj
c:\users\veniz\desktop\new folder (3)\libraryproject-master\server\serverdll\x64\debug\queue.obj
c:\users\veniz\desktop\new folder (3)\libraryproject-master\server\serverdll\x64\debug\source.obj
c:\users\veniz\desktop\new folder (3)\libraryproject-master\server\serverdll\x64\debug\tcplistener.obj
c:\users\veniz\desktop\new folder (3)\libraryproject-master\server\serverdll\x64\debug\serverdll.pch
c:\users\veniz\desktop\new folder (3)\libraryproject-master\server\serverdll\x64\debug\vc142.idb
c:\users\veniz\desktop\new folder (3)\libraryproject-master\server\serverdll\x64\debug\vc142.pdb
c:\users\veniz\desktop\new folder (3)\libraryproject-master\server\winformserver\x64\debug\serverdll.pdb
c:\users\veniz\desktop\new folder (3)\libraryproject-master\server\winformserver\x64\debug\serverdll.dll
c:\users\veniz\desktop\new folder (3)\libraryproject-master\server\winformserver\x64\debug\serverdll.ilk
c:\users\veniz\desktop\new folder (3)\libraryproject-master\server\serverdll\x64\debug\serverdll.tlog\cl.command.1.tlog
c:\users\veniz\desktop\new folder (3)\libraryproject-master\server\serverdll\x64\debug\serverdll.tlog\cl.read.1.tlog
c:\users\veniz\desktop\new folder (3)\libraryproject-master\server\serverdll\x64\debug\serverdll.tlog\cl.write.1.tlog
c:\users\veniz\desktop\new folder (3)\libraryproject-master\server\serverdll\x64\debug\serverdll.tlog\link.command.1.tlog
c:\users\veniz\desktop\new folder (3)\libraryproject-master\server\serverdll\x64\debug\serverdll.tlog\link.read.1.tlog
c:\users\veniz\desktop\new folder (3)\libraryproject-master\server\serverdll\x64\debug\serverdll.tlog\link.write.1.tlog
c:\users\veniz\desktop\new folder (3)\libraryproject-master\server\serverdll\x64\debug\serverdll.tlog\serverdll.write.1u.tlog
