  pch.cpp
  dllmain.cpp
  Queue.cpp
C:\Users\veniz\Desktop\New folder (3)\LibraryProject-master\Server\ServerDLL\FileHandler.h(12,1): warning C4267: 'initializing': conversion from 'size_t' to 'int', possible loss of data
C:\Users\veniz\Desktop\New folder (3)\LibraryProject-master\Server\ServerDLL\Queue.h(50,24): warning C4114: same type qualifier used more than once
C:\Users\veniz\Desktop\New folder (3)\LibraryProject-master\Server\ServerDLL\Queue.cpp(91,30): warning C4114: same type qualifier used more than once
C:\Users\veniz\Desktop\New folder (3)\LibraryProject-master\Server\ServerDLL\Queue.cpp(106,13): warning C4244: 'initializing': conversion from '__int64' to 'long', possible loss of data
C:\Users\veniz\Desktop\New folder (3)\LibraryProject-master\Server\ServerDLL\Queue.cpp(116,59): warning C4267: 'initializing': conversion from 'size_t' to 'int', possible loss of data
  Source.cpp
C:\Users\veniz\Desktop\New folder (3)\LibraryProject-master\Server\ServerDLL\FileHandler.h(12,1): warning C4267: 'initializing': conversion from 'size_t' to 'int', possible loss of data
C:\Users\veniz\Desktop\New folder (3)\LibraryProject-master\Server\ServerDLL\Queue.h(50,24): warning C4114: same type qualifier used more than once
C:\Users\veniz\Desktop\New folder (3)\LibraryProject-master\Server\ServerDLL\Source.cpp(45,1): warning C4273: 'StartDownload': inconsistent dll linkage
C:\Users\veniz\Desktop\New folder (3)\LibraryProject-master\Server\ServerDLL\Source.h(43,25): message : see previous definition of 'StartDownload'
C:\Users\veniz\Desktop\New folder (3)\LibraryProject-master\Server\ServerDLL\Source.cpp(121,1): warning C4273: 'sendmessage': inconsistent dll linkage
C:\Users\veniz\Desktop\New folder (3)\LibraryProject-master\Server\ServerDLL\Source.h(44,25): message : see previous definition of 'sendmessage'
C:\Users\veniz\Desktop\New folder (3)\LibraryProject-master\Server\ServerDLL\Source.cpp(131,29): warning C4267: '=': conversion from 'size_t' to 'int', possible loss of data
C:\Users\veniz\Desktop\New folder (3)\LibraryProject-master\Server\ServerDLL\Source.cpp(151,1): warning C4273: 'SendFile': inconsistent dll linkage
C:\Users\veniz\Desktop\New folder (3)\LibraryProject-master\Server\ServerDLL\Source.h(45,24): message : see previous definition of 'SendFile'
C:\Users\veniz\Desktop\New folder (3)\LibraryProject-master\Server\ServerDLL\Source.cpp(170,16): warning C4244: '=': conversion from '__int64' to 'long', possible loss of data
C:\Users\veniz\Desktop\New folder (3)\LibraryProject-master\Server\ServerDLL\Source.cpp(180,1): warning C4273: 'Startup': inconsistent dll linkage
C:\Users\veniz\Desktop\New folder (3)\LibraryProject-master\Server\ServerDLL\Source.h(41,26): message : see previous definition of 'Startup'
C:\Users\veniz\Desktop\New folder (3)\LibraryProject-master\Server\ServerDLL\Source.cpp(201,1): warning C4273: 'F': inconsistent dll linkage
C:\Users\veniz\Desktop\New folder (3)\LibraryProject-master\Server\ServerDLL\Source.h(39,24): message : see previous definition of 'F'
  TCPListener.cpp
C:\Users\veniz\Desktop\New folder (3)\LibraryProject-master\Server\ServerDLL\TCPListener.cpp(66,19): warning C4244: 'argument': conversion from 'SOCKET' to 'int', possible loss of data
C:\Users\veniz\Desktop\New folder (3)\LibraryProject-master\Server\ServerDLL\TCPListener.cpp(76,20): warning C4244: 'argument': conversion from 'SOCKET' to 'int', possible loss of data
C:\Users\veniz\Desktop\New folder (3)\LibraryProject-master\Server\ServerDLL\TCPListener.cpp(81,21): warning C4244: 'argument': conversion from 'SOCKET' to 'int', possible loss of data
  Generating Code...
C:\Users\veniz\Desktop\New folder (3)\LibraryProject-master\Server\ServerDLL\FileHandler.h(63): warning C4715: 'FileHandler::ConvertTmpToStableFile': not all control paths return a value
C:\Users\veniz\Desktop\New folder (3)\LibraryProject-master\Server\ServerDLL\FileHandler.h(24): warning C4715: 'FileHandler::GetFileExtention': not all control paths return a value
C:\Users\veniz\Desktop\New folder (3)\LibraryProject-master\Server\ServerDLL\FileHandler.h(32): warning C4715: 'FileHandler::GetFileNameWhitOutExtention': not all control paths return a value
     Creating library C:\Users\veniz\Desktop\New folder (3)\LibraryProject-master\Server\WinFormServer\x64\Debug\ServerDLL.lib and object C:\Users\veniz\Desktop\New folder (3)\LibraryProject-master\Server\WinFormServer\x64\Debug\ServerDLL.exp
  ServerDLL.vcxproj -> C:\Users\veniz\Desktop\New folder (3)\LibraryProject-master\Server\WinFormServer\x64\Debug\ServerDLL.dll
