  pch.cpp
  DataBase.cpp
C:\Users\veniz\Desktop\LibraryProject-master\DataBaseDLL\DataBase.cpp(150,70): warning C4267: 'argument': conversion from 'size_t' to 'int', possible loss of data
C:\Users\veniz\Desktop\LibraryProject-master\DataBaseDLL\DataBase.cpp(157,39): warning C4244: 'argument': conversion from '__int64' to 'int', possible loss of data
C:\Users\veniz\Desktop\LibraryProject-master\DataBaseDLL\DataBase.cpp(164,77): warning C4267: 'argument': conversion from 'size_t' to 'int', possible loss of data
C:\Users\veniz\Desktop\LibraryProject-master\DataBaseDLL\DataBase.cpp(171,91): warning C4267: 'argument': conversion from 'size_t' to 'int', possible loss of data
C:\Users\veniz\Desktop\LibraryProject-master\DataBaseDLL\DataBase.cpp(178,73): warning C4267: 'argument': conversion from 'size_t' to 'int', possible loss of data
C:\Users\veniz\Desktop\LibraryProject-master\DataBaseDLL\DataBase.cpp(185,71): warning C4267: 'argument': conversion from 'size_t' to 'int', possible loss of data
C:\Users\veniz\Desktop\LibraryProject-master\DataBaseDLL\DataBase.cpp(192,71): warning C4267: 'argument': conversion from 'size_t' to 'int', possible loss of data
C:\Users\veniz\Desktop\LibraryProject-master\DataBaseDLL\DataBase.cpp(199,71): warning C4267: 'argument': conversion from 'size_t' to 'int', possible loss of data
C:\Users\veniz\Desktop\LibraryProject-master\DataBaseDLL\DataBase.cpp(206,35): warning C4244: 'argument': conversion from '__int64' to 'int', possible loss of data
C:\Users\veniz\Desktop\LibraryProject-master\DataBaseDLL\DataBase.cpp(213,40): warning C4244: 'argument': conversion from '__int64' to 'int', possible loss of data
C:\Users\veniz\Desktop\LibraryProject-master\DataBaseDLL\DataBase.cpp(220,90): warning C4267: 'argument': conversion from 'size_t' to 'int', possible loss of data
C:\Users\veniz\Desktop\LibraryProject-master\DataBaseDLL\DataBase.cpp(227,35): warning C4244: 'argument': conversion from '__int64' to 'int', possible loss of data
C:\Users\veniz\Desktop\LibraryProject-master\DataBaseDLL\DataBase.cpp(266,53): warning C4244: 'argument': conversion from '__int64' to 'int', possible loss of data
C:\Users\veniz\Desktop\LibraryProject-master\DataBaseDLL\DataBase.cpp(266,47): warning C4244: 'argument': conversion from '__int64' to 'int', possible loss of data
C:\Users\veniz\Desktop\LibraryProject-master\DataBaseDLL\DataBase.cpp(310,56): warning C4244: 'argument': conversion from '__int64' to 'int', possible loss of data
C:\Users\veniz\Desktop\LibraryProject-master\DataBaseDLL\DataBase.cpp(310,49): warning C4244: 'argument': conversion from '__int64' to 'int', possible loss of data
C:\Users\veniz\Desktop\LibraryProject-master\DataBaseDLL\DataBase.cpp(389,53): warning C4244: 'argument': conversion from '__int64' to 'int', possible loss of data
C:\Users\veniz\Desktop\LibraryProject-master\DataBaseDLL\DataBase.cpp(389,47): warning C4244: 'argument': conversion from '__int64' to 'int', possible loss of data
C:\Users\veniz\Desktop\LibraryProject-master\DataBaseDLL\DataBase.cpp(412,13): warning C4244: 'initializing': conversion from '__int64' to 'int', possible loss of data
C:\Users\veniz\Desktop\LibraryProject-master\DataBaseDLL\DataBase.cpp(413,42): warning C4244: 'argument': conversion from '__int64' to 'int', possible loss of data
C:\Users\veniz\Desktop\LibraryProject-master\DataBaseDLL\DataBase.cpp(436,13): warning C4244: 'initializing': conversion from '__int64' to 'int', possible loss of data
C:\Users\veniz\Desktop\LibraryProject-master\DataBaseDLL\DataBase.cpp(437,42): warning C4244: 'argument': conversion from '__int64' to 'int', possible loss of data
C:\Users\veniz\Desktop\LibraryProject-master\DataBaseDLL\DataBase.cpp(467,69): warning C4267: 'argument': conversion from 'size_t' to 'int', possible loss of data
C:\Users\veniz\Desktop\LibraryProject-master\DataBaseDLL\DataBase.cpp(494,69): warning C4267: 'argument': conversion from 'size_t' to 'int', possible loss of data
C:\Users\veniz\Desktop\LibraryProject-master\DataBaseDLL\DataBase.cpp(651,78): warning C4267: 'argument': conversion from 'size_t' to 'int', possible loss of data
C:\Users\veniz\Desktop\LibraryProject-master\DataBaseDLL\DataBase.cpp(658,78): warning C4267: 'argument': conversion from 'size_t' to 'int', possible loss of data
C:\Users\veniz\Desktop\LibraryProject-master\DataBaseDLL\DataBase.cpp(665,40): warning C4244: 'argument': conversion from '__int64' to 'int', possible loss of data
C:\Users\veniz\Desktop\LibraryProject-master\DataBaseDLL\DataBase.cpp(672,70): warning C4267: 'argument': conversion from 'size_t' to 'int', possible loss of data
C:\Users\veniz\Desktop\LibraryProject-master\DataBaseDLL\DataBase.cpp(679,72): warning C4267: 'argument': conversion from 'size_t' to 'int', possible loss of data
C:\Users\veniz\Desktop\LibraryProject-master\DataBaseDLL\DataBase.cpp(686,35): warning C4244: 'argument': conversion from '__int64' to 'int', possible loss of data
C:\Users\veniz\Desktop\LibraryProject-master\DataBaseDLL\DataBase.cpp(729,54): warning C4244: 'argument': conversion from '__int64' to 'int', possible loss of data
C:\Users\veniz\Desktop\LibraryProject-master\DataBaseDLL\DataBase.cpp(729,48): warning C4244: 'argument': conversion from '__int64' to 'int', possible loss of data
C:\Users\veniz\Desktop\LibraryProject-master\DataBaseDLL\DataBase.cpp(804,79): warning C4267: 'argument': conversion from 'size_t' to 'int', possible loss of data
C:\Users\veniz\Desktop\LibraryProject-master\DataBaseDLL\DataBase.cpp(811,77): warning C4267: 'argument': conversion from 'size_t' to 'int', possible loss of data
C:\Users\veniz\Desktop\LibraryProject-master\DataBaseDLL\DataBase.cpp(818,85): warning C4267: 'argument': conversion from 'size_t' to 'int', possible loss of data
C:\Users\veniz\Desktop\LibraryProject-master\DataBaseDLL\DataBase.cpp(825,75): warning C4267: 'argument': conversion from 'size_t' to 'int', possible loss of data
C:\Users\veniz\Desktop\LibraryProject-master\DataBaseDLL\DataBase.cpp(832,85): warning C4267: 'argument': conversion from 'size_t' to 'int', possible loss of data
C:\Users\veniz\Desktop\LibraryProject-master\DataBaseDLL\DataBase.cpp(856,77): warning C4267: 'argument': conversion from 'size_t' to 'int', possible loss of data
C:\Users\veniz\Desktop\LibraryProject-master\DataBaseDLL\DataBase.cpp(890,83): warning C4267: 'argument': conversion from 'size_t' to 'int', possible loss of data
C:\Users\veniz\Desktop\LibraryProject-master\DataBaseDLL\DataBase.cpp(897,85): warning C4267: 'argument': conversion from 'size_t' to 'int', possible loss of data
C:\Users\veniz\Desktop\LibraryProject-master\DataBaseDLL\DataBase.cpp(922,83): warning C4267: 'argument': conversion from 'size_t' to 'int', possible loss of data
C:\Users\veniz\Desktop\LibraryProject-master\DataBaseDLL\DataBase.cpp(929,85): warning C4267: 'argument': conversion from 'size_t' to 'int', possible loss of data
C:\Users\veniz\Desktop\LibraryProject-master\DataBaseDLL\DataBase.cpp(956,77): warning C4267: 'argument': conversion from 'size_t' to 'int', possible loss of data
C:\Users\veniz\Desktop\LibraryProject-master\DataBaseDLL\DataBase.cpp(994,77): warning C4267: 'argument': conversion from 'size_t' to 'int', possible loss of data
C:\Users\veniz\Desktop\LibraryProject-master\DataBaseDLL\DataBase.cpp(1033,83): warning C4267: 'argument': conversion from 'size_t' to 'int', possible loss of data
C:\Users\veniz\Desktop\LibraryProject-master\DataBaseDLL\DataBase.cpp(1040,85): warning C4267: 'argument': conversion from 'size_t' to 'int', possible loss of data
C:\Users\veniz\Desktop\LibraryProject-master\DataBaseDLL\DataBase.cpp(1065,77): warning C4267: 'argument': conversion from 'size_t' to 'int', possible loss of data
C:\Users\veniz\Desktop\LibraryProject-master\DataBaseDLL\DataBase.cpp(1099,83): warning C4267: 'argument': conversion from 'size_t' to 'int', possible loss of data
C:\Users\veniz\Desktop\LibraryProject-master\DataBaseDLL\DataBase.cpp(1106,85): warning C4267: 'argument': conversion from 'size_t' to 'int', possible loss of data
C:\Users\veniz\Desktop\LibraryProject-master\DataBaseDLL\DataBase.cpp(1137,77): warning C4267: 'argument': conversion from 'size_t' to 'int', possible loss of data
C:\Users\veniz\Desktop\LibraryProject-master\DataBaseDLL\DataBase.cpp(1144,39): warning C4244: 'argument': conversion from '__int64' to 'int', possible loss of data
C:\Users\veniz\Desktop\LibraryProject-master\DataBaseDLL\DataBase.cpp(1151,69): warning C4267: 'argument': conversion from 'size_t' to 'int', possible loss of data
C:\Users\veniz\Desktop\LibraryProject-master\DataBaseDLL\DataBase.cpp(1158,34): warning C4244: 'argument': conversion from '__int64' to 'int', possible loss of data
C:\Users\veniz\Desktop\LibraryProject-master\DataBaseDLL\DataBase.cpp(1199,53): warning C4244: 'argument': conversion from '__int64' to 'int', possible loss of data
C:\Users\veniz\Desktop\LibraryProject-master\DataBaseDLL\DataBase.cpp(1199,47): warning C4244: 'argument': conversion from '__int64' to 'int', possible loss of data
C:\Users\veniz\Desktop\LibraryProject-master\DataBaseDLL\DataBase.cpp(1240,13): warning C4244: 'initializing': conversion from '__int64' to 'int', possible loss of data
C:\Users\veniz\Desktop\LibraryProject-master\DataBaseDLL\DataBase.cpp(1241,42): warning C4244: 'argument': conversion from '__int64' to 'int', possible loss of data
C:\Users\veniz\Desktop\LibraryProject-master\DataBaseDLL\DataBase.cpp(1261,105): warning C4267: 'argument': conversion from 'size_t' to 'int', possible loss of data
C:\Users\veniz\Desktop\LibraryProject-master\DataBaseDLL\DataBase.cpp(1268,77): warning C4267: 'argument': conversion from 'size_t' to 'int', possible loss of data
C:\Users\veniz\Desktop\LibraryProject-master\DataBaseDLL\DataBase.cpp(1321,77): warning C4267: 'argument': conversion from 'size_t' to 'int', possible loss of data
C:\Users\veniz\Desktop\LibraryProject-master\DataBaseDLL\DataBase.cpp(1344,77): warning C4267: 'argument': conversion from 'size_t' to 'int', possible loss of data
  DataBaseDllSource.cpp
C:\Users\veniz\Desktop\LibraryProject-master\DataBaseDLL\DataBaseDllSource.cpp(7,1): warning C4273: 'CreateObject_API': inconsistent dll linkage
C:\Users\veniz\Desktop\LibraryProject-master\DataBaseDLL\DataBaseDllSource.h(18,29): message : see previous definition of 'CreateObject_API'
C:\Users\veniz\Desktop\LibraryProject-master\DataBaseDLL\DataBaseDllSource.cpp(19,1): warning C4273: 'InsertProduct_API': inconsistent dll linkage
C:\Users\veniz\Desktop\LibraryProject-master\DataBaseDLL\DataBaseDllSource.h(23,23): message : see previous definition of 'InsertProduct_API'
C:\Users\veniz\Desktop\LibraryProject-master\DataBaseDLL\DataBaseDllSource.cpp(24,1): warning C4273: 'Select_Product_API': inconsistent dll linkage
C:\Users\veniz\Desktop\LibraryProject-master\DataBaseDLL\DataBaseDllSource.h(25,23): message : see previous definition of 'Select_Product_API'
C:\Users\veniz\Desktop\LibraryProject-master\DataBaseDLL\DataBaseDllSource.cpp(28,1): warning C4273: 'GetProductFile': inconsistent dll linkage
C:\Users\veniz\Desktop\LibraryProject-master\DataBaseDLL\DataBaseDllSource.h(27,23): message : see previous definition of 'GetProductFile'
C:\Users\veniz\Desktop\LibraryProject-master\DataBaseDLL\DataBaseDllSource.cpp(32,1): warning C4273: 'GetProductFile2': inconsistent dll linkage
C:\Users\veniz\Desktop\LibraryProject-master\DataBaseDLL\DataBaseDllSource.h(29,23): message : see previous definition of 'GetProductFile2'
C:\Users\veniz\Desktop\LibraryProject-master\DataBaseDLL\DataBaseDllSource.cpp(38,1): warning C4273: 'InsertAdmin_API': inconsistent dll linkage
C:\Users\veniz\Desktop\LibraryProject-master\DataBaseDLL\DataBaseDllSource.h(34,23): message : see previous definition of 'InsertAdmin_API'
C:\Users\veniz\Desktop\LibraryProject-master\DataBaseDLL\DataBaseDllSource.cpp(42,1): warning C4273: 'GetUsernametRowId_API': inconsistent dll linkage
C:\Users\veniz\Desktop\LibraryProject-master\DataBaseDLL\DataBaseDllSource.h(35,22): message : see previous definition of 'GetUsernametRowId_API'
C:\Users\veniz\Desktop\LibraryProject-master\DataBaseDLL\DataBaseDllSource.cpp(47,1): warning C4273: 'InsertAdmin_Other_API': inconsistent dll linkage
C:\Users\veniz\Desktop\LibraryProject-master\DataBaseDLL\DataBaseDllSource.h(36,23): message : see previous definition of 'InsertAdmin_Other_API'
C:\Users\veniz\Desktop\LibraryProject-master\DataBaseDLL\DataBaseDllSource.cpp(53,1): warning C4273: 'UpdateServerUsername_API': inconsistent dll linkage
C:\Users\veniz\Desktop\LibraryProject-master\DataBaseDLL\DataBaseDllSource.h(39,23): message : see previous definition of 'UpdateServerUsername_API'
C:\Users\veniz\Desktop\LibraryProject-master\DataBaseDLL\DataBaseDllSource.cpp(57,1): warning C4273: 'UpdateServerPassword_API': inconsistent dll linkage
C:\Users\veniz\Desktop\LibraryProject-master\DataBaseDLL\DataBaseDllSource.h(40,24): message : see previous definition of 'UpdateServerPassword_API'
C:\Users\veniz\Desktop\LibraryProject-master\DataBaseDLL\DataBaseDllSource.cpp(63,1): warning C4273: 'Signup_Admin_Username_Api': inconsistent dll linkage
C:\Users\veniz\Desktop\LibraryProject-master\DataBaseDLL\DataBaseDllSource.h(43,23): message : see previous definition of 'Signup_Admin_Username_Api'
C:\Users\veniz\Desktop\LibraryProject-master\DataBaseDLL\DataBaseDllSource.cpp(67,1): warning C4273: 'Signup_Admin_Password_API': inconsistent dll linkage
C:\Users\veniz\Desktop\LibraryProject-master\DataBaseDLL\DataBaseDllSource.h(44,23): message : see previous definition of 'Signup_Admin_Password_API'
C:\Users\veniz\Desktop\LibraryProject-master\DataBaseDLL\DataBaseDllSource.cpp(72,1): warning C4273: 'Check_Admin_Username_API': inconsistent dll linkage
C:\Users\veniz\Desktop\LibraryProject-master\DataBaseDLL\DataBaseDllSource.h(45,23): message : see previous definition of 'Check_Admin_Username_API'
C:\Users\veniz\Desktop\LibraryProject-master\DataBaseDLL\DataBaseDllSource.cpp(77,1): warning C4273: 'Set_Profile_Picture_API': inconsistent dll linkage
C:\Users\veniz\Desktop\LibraryProject-master\DataBaseDLL\DataBaseDllSource.h(48,23): message : see previous definition of 'Set_Profile_Picture_API'
C:\Users\veniz\Desktop\LibraryProject-master\DataBaseDLL\DataBaseDllSource.cpp(81,1): warning C4273: 'Get_Profile_Picture_API': inconsistent dll linkage
C:\Users\veniz\Desktop\LibraryProject-master\DataBaseDLL\DataBaseDllSource.h(49,23): message : see previous definition of 'Get_Profile_Picture_API'
C:\Users\veniz\Desktop\LibraryProject-master\DataBaseDLL\DataBaseDllSource.cpp(85,1): warning C4273: 'Set_Server_FileNmaeProfilePicture_API': inconsistent dll linkage
C:\Users\veniz\Desktop\LibraryProject-master\DataBaseDLL\DataBaseDllSource.h(50,23): message : see previous definition of 'Set_Server_FileNmaeProfilePicture_API'
C:\Users\veniz\Desktop\LibraryProject-master\DataBaseDLL\DataBaseDllSource.cpp(92,1): warning C4273: 'send_FW': inconsistent dll linkage
C:\Users\veniz\Desktop\LibraryProject-master\DataBaseDLL\DataBaseDllSource.h(59,23): message : see previous definition of 'send_FW'
C:\Users\veniz\Desktop\LibraryProject-master\DataBaseDLL\DataBaseDllSource.cpp(101,40): warning C4267: '=': conversion from 'size_t' to 'int', possible loss of data
C:\Users\veniz\Desktop\LibraryProject-master\DataBaseDLL\DataBaseDllSource.cpp(104,39): warning C4267: '=': conversion from 'size_t' to 'int', possible loss of data
  dllmain.cpp
  Generating Code...
C:\Users\veniz\Desktop\LibraryProject-master\DataBaseDLL\DataBase.cpp(980): warning C4715: 'DataBase::Signup_Admin_Username': not all control paths return a value
C:\Users\veniz\Desktop\LibraryProject-master\DataBaseDLL\DataBase.cpp(1018): warning C4715: 'DataBase::Signup_Admin_Password': not all control paths return a value
C:\Users\veniz\Desktop\LibraryProject-master\DataBaseDLL\DataBase.cpp(1052): warning C4715: 'DataBase::Change_Admin_Username': not all control paths return a value
C:\Users\veniz\Desktop\LibraryProject-master\DataBaseDLL\DataBase.cpp(1118): warning C4715: 'DataBase::Change_Admin_Password': not all control paths return a value
     Creating library C:\Users\veniz\Desktop\LibraryProject-master\WinFormServer\x64\Debug\DataBaseDLL.lib and object C:\Users\veniz\Desktop\LibraryProject-master\WinFormServer\x64\Debug\DataBaseDLL.exp
  DataBaseDLL.vcxproj -> C:\Users\veniz\Desktop\LibraryProject-master\WinFormServer\x64\Debug\DataBaseDLL.dll
